i2pdf 1.0.46 (x86)

Image compression = PNG (lossless)
Resizing = 100 %
Paper format = Paperless
Startup mode = Fit page

[OK] Page 1: C:\Users\amanj\Documents\DonationCoder\ScreenshotCaptor\Screenshots\Screenshot - 08-07-2020 , 20_24_36.png (98.0 %)
[OK] Page 2: C:\Users\amanj\Documents\DonationCoder\ScreenshotCaptor\Screenshots\Screenshot - 08-07-2020 , 20_24_42.png (98.9 %)
[OK] Page 3: C:\Users\amanj\Documents\DonationCoder\ScreenshotCaptor\Screenshots\Screenshot - 08-07-2020 , 20_25_00.png (98.3 %)
[OK] Page 4: C:\Users\amanj\Documents\DonationCoder\ScreenshotCaptor\Screenshots\Screenshot - 08-07-2020 , 20_25_10.png (99.4 %)
[OK] Page 5: C:\Users\amanj\Documents\DonationCoder\ScreenshotCaptor\Screenshots\Screenshot - 08-07-2020 , 20_25_23.png (96.4 %)
[OK] Page 6: C:\Users\amanj\Documents\DonationCoder\ScreenshotCaptor\Screenshots\Screenshot - 08-07-2020 , 20_25_44.png (95.1 %)
[OK] Page 7: C:\Users\amanj\Documents\DonationCoder\ScreenshotCaptor\Screenshots\Screenshot - 08-07-2020 , 20_26_04.png (93.1 %)
[OK] Page 8: C:\Users\amanj\Documents\DonationCoder\ScreenshotCaptor\Screenshots\Screenshot - 08-07-2020 , 20_29_17.png (96.3 %)
[OK] Page 9: C:\Users\amanj\Documents\DonationCoder\ScreenshotCaptor\Screenshots\Screenshot - 08-07-2020 , 20_29_24.png (96.9 %)
[OK] Page 10: C:\Users\amanj\Documents\DonationCoder\ScreenshotCaptor\Screenshots\Screenshot - 08-07-2020 , 20_29_29.png (98.5 %)
[OK] Page 11: C:\Users\amanj\Documents\DonationCoder\ScreenshotCaptor\Screenshots\Screenshot - 08-07-2020 , 20_29_39.png (98.0 %)
[OK] Page 12: C:\Users\amanj\Documents\DonationCoder\ScreenshotCaptor\Screenshots\Screenshot - 08-07-2020 , 20_29_51.png (95.7 %)
[OK] Page 13: C:\Users\amanj\Documents\DonationCoder\ScreenshotCaptor\Screenshots\Screenshot - 08-07-2020 , 20_30_47.png (95.6 %)
[OK] Page 14: C:\Users\amanj\Documents\DonationCoder\ScreenshotCaptor\Screenshots\Screenshot - 08-07-2020 , 20_31_10.png (94.1 %)
[OK] Page 15: C:\Users\amanj\Documents\DonationCoder\ScreenshotCaptor\Screenshots\Screenshot - 08-07-2020 , 20_32_43.png (97.7 %)
[OK] Page 16: C:\Users\amanj\Documents\DonationCoder\ScreenshotCaptor\Screenshots\Screenshot - 08-07-2020 , 20_33_08.png (94.2 %)
[OK] Page 17: C:\Users\amanj\Documents\DonationCoder\ScreenshotCaptor\Screenshots\Screenshot - 08-07-2020 , 20_33_23.png (94.8 %)
[OK] Page 18: C:\Users\amanj\Documents\DonationCoder\ScreenshotCaptor\Screenshots\Screenshot - 08-07-2020 , 20_34_36.png (95.5 %)
[OK] Page 19: C:\Users\amanj\Documents\DonationCoder\ScreenshotCaptor\Screenshots\Screenshot - 08-07-2020 , 20_34_41.png (95.1 %)
[OK] Page 20: C:\Users\amanj\Documents\DonationCoder\ScreenshotCaptor\Screenshots\Screenshot - 08-07-2020 , 20_34_59.png (96.2 %)
[OK] Page 21: C:\Users\amanj\Documents\DonationCoder\ScreenshotCaptor\Screenshots\Screenshot - 08-07-2020 , 20_35_28.png (95.3 %)
[OK] Page 22: C:\Users\amanj\Documents\DonationCoder\ScreenshotCaptor\Screenshots\Screenshot - 08-07-2020 , 20_35_53.png (95.0 %)
[OK] Page 23: C:\Users\amanj\Documents\DonationCoder\ScreenshotCaptor\Screenshots\Screenshot - 08-07-2020 , 20_36_09.png (95.0 %)
[OK] Page 24: C:\Users\amanj\Documents\DonationCoder\ScreenshotCaptor\Screenshots\Screenshot - 08-07-2020 , 20_36_34.png (96.8 %)
[OK] Page 25: C:\Users\amanj\Documents\DonationCoder\ScreenshotCaptor\Screenshots\Screenshot - 08-07-2020 , 20_36_44.png (98.3 %)
[OK] Page 26: C:\Users\amanj\Documents\DonationCoder\ScreenshotCaptor\Screenshots\Screenshot - 08-07-2020 , 20_36_52.png (97.8 %)
[OK] Page 27: C:\Users\amanj\Documents\DonationCoder\ScreenshotCaptor\Screenshots\Screenshot - 08-07-2020 , 20_37_59.png (94.5 %)
[OK] Page 28: C:\Users\amanj\Documents\DonationCoder\ScreenshotCaptor\Screenshots\Screenshot - 08-07-2020 , 20_38_14.png (94.8 %)
[OK] Page 29: C:\Users\amanj\Documents\DonationCoder\ScreenshotCaptor\Screenshots\Screenshot - 08-07-2020 , 20_38_25.png (94.1 %)
[OK] Page 30: C:\Users\amanj\Documents\DonationCoder\ScreenshotCaptor\Screenshots\Screenshot - 08-07-2020 , 20_38_34.png (94.1 %)
[OK] Page 31: C:\Users\amanj\Documents\DonationCoder\ScreenshotCaptor\Screenshots\Screenshot - 08-07-2020 , 20_38_44.png (93.5 %)
[OK] Page 32: C:\Users\amanj\Documents\DonationCoder\ScreenshotCaptor\Screenshots\Screenshot - 08-07-2020 , 20_38_48.png (97.1 %)
[OK] Page 33: C:\Users\amanj\Documents\DonationCoder\ScreenshotCaptor\Screenshots\Screenshot - 08-07-2020 , 20_39_08.png (95.1 %)
[OK] Page 34: C:\Users\amanj\Documents\DonationCoder\ScreenshotCaptor\Screenshots\Screenshot - 08-07-2020 , 20_39_23.png (95.4 %)
[OK] Page 35: C:\Users\amanj\Documents\DonationCoder\ScreenshotCaptor\Screenshots\Screenshot - 08-07-2020 , 20_39_55.png (96.2 %)
[OK] Page 36: C:\Users\amanj\Documents\DonationCoder\ScreenshotCaptor\Screenshots\Screenshot - 08-07-2020 , 20_40_08.png (95.7 %)
[OK] Page 37: C:\Users\amanj\Documents\DonationCoder\ScreenshotCaptor\Screenshots\Screenshot - 08-07-2020 , 20_40_20.png (95.5 %)
[OK] Page 38: C:\Users\amanj\Documents\DonationCoder\ScreenshotCaptor\Screenshots\Screenshot - 08-07-2020 , 20_40_36.png (97.5 %)
[OK] Page 39: C:\Users\amanj\Documents\DonationCoder\ScreenshotCaptor\Screenshots\Screenshot - 08-07-2020 , 20_41_06.png (96.8 %)
[OK] Page 40: C:\Users\amanj\Documents\DonationCoder\ScreenshotCaptor\Screenshots\Screenshot - 08-07-2020 , 20_41_18.png (99.1 %)
[OK] Page 41: C:\Users\amanj\Documents\DonationCoder\ScreenshotCaptor\Screenshots\Screenshot - 08-07-2020 , 20_42_12.png (94.3 %)
[OK] Page 42: C:\Users\amanj\Documents\DonationCoder\ScreenshotCaptor\Screenshots\Screenshot - 08-07-2020 , 20_42_34.png (96.4 %)
[OK] Page 43: C:\Users\amanj\Documents\DonationCoder\ScreenshotCaptor\Screenshots\Screenshot - 08-07-2020 , 20_42_49.png (97.2 %)
[OK] Page 44: C:\Users\amanj\Documents\DonationCoder\ScreenshotCaptor\Screenshots\Screenshot - 08-07-2020 , 20_42_58.png (96.4 %)
[OK] Page 45: C:\Users\amanj\Documents\DonationCoder\ScreenshotCaptor\Screenshots\Screenshot - 08-07-2020 , 20_43_13.png (96.3 %)
[OK] Page 46: C:\Users\amanj\Documents\DonationCoder\ScreenshotCaptor\Screenshots\Screenshot - 08-07-2020 , 20_43_16.png (98.1 %)
[OK] Page 47: C:\Users\amanj\Documents\DonationCoder\ScreenshotCaptor\Screenshots\Screenshot - 08-07-2020 , 20_43_32.png (95.5 %)
[OK] Page 48: C:\Users\amanj\Documents\DonationCoder\ScreenshotCaptor\Screenshots\Screenshot - 08-07-2020 , 20_43_54.png (97.6 %)
[OK] Page 49: C:\Users\amanj\Documents\DonationCoder\ScreenshotCaptor\Screenshots\Screenshot - 08-07-2020 , 20_45_03.png (98.2 %)
[OK] Page 50: C:\Users\amanj\Documents\DonationCoder\ScreenshotCaptor\Screenshots\Screenshot - 08-07-2020 , 20_45_17.png (99.2 %)
[OK] Page 51: C:\Users\amanj\Documents\DonationCoder\ScreenshotCaptor\Screenshots\Screenshot - 08-07-2020 , 22_33_15.png (97.3 %)
[OK] Page 52: C:\Users\amanj\Documents\DonationCoder\ScreenshotCaptor\Screenshots\Screenshot - 08-07-2020 , 22_33_29.png (98.4 %)
[OK] Page 53: C:\Users\amanj\Documents\DonationCoder\ScreenshotCaptor\Screenshots\Screenshot - 08-07-2020 , 22_33_47.png (93.6 %)
[OK] Page 54: C:\Users\amanj\Documents\DonationCoder\ScreenshotCaptor\Screenshots\Screenshot - 08-07-2020 , 22_33_55.png (94.3 %)
[OK] Page 55: C:\Users\amanj\Documents\DonationCoder\ScreenshotCaptor\Screenshots\Screenshot - 08-07-2020 , 22_34_19.png (94.2 %)
[OK] Page 56: C:\Users\amanj\Documents\DonationCoder\ScreenshotCaptor\Screenshots\Screenshot - 08-07-2020 , 22_34_25.png (94.0 %)
[OK] Page 57: C:\Users\amanj\Documents\DonationCoder\ScreenshotCaptor\Screenshots\Screenshot - 08-07-2020 , 22_34_28.png (93.9 %)
[OK] Page 58: C:\Users\amanj\Documents\DonationCoder\ScreenshotCaptor\Screenshots\Screenshot - 08-07-2020 , 22_34_31.png (93.3 %)
[OK] Page 59: C:\Users\amanj\Documents\DonationCoder\ScreenshotCaptor\Screenshots\Screenshot - 08-07-2020 , 22_34_47.png (93.7 %)
[OK] Page 60: C:\Users\amanj\Documents\DonationCoder\ScreenshotCaptor\Screenshots\Screenshot - 08-07-2020 , 22_34_58.png (93.8 %)
[OK] Page 61: C:\Users\amanj\Documents\DonationCoder\ScreenshotCaptor\Screenshots\Screenshot - 08-07-2020 , 22_35_02.png (93.5 %)
[OK] Page 62: C:\Users\amanj\Documents\DonationCoder\ScreenshotCaptor\Screenshots\Screenshot - 08-07-2020 , 22_35_07.png (93.6 %)
[OK] Page 63: C:\Users\amanj\Documents\DonationCoder\ScreenshotCaptor\Screenshots\Screenshot - 08-07-2020 , 22_35_30.png (97.0 %)
[OK] Page 64: C:\Users\amanj\Documents\DonationCoder\ScreenshotCaptor\Screenshots\Screenshot - 08-07-2020 , 22_36_09.png (96.1 %)
[OK] Page 65: C:\Users\amanj\Documents\DonationCoder\ScreenshotCaptor\Screenshots\Screenshot - 08-07-2020 , 22_36_20.png (95.5 %)
[OK] Page 66: C:\Users\amanj\Documents\DonationCoder\ScreenshotCaptor\Screenshots\Screenshot - 08-07-2020 , 22_36_53.png (95.1 %)
[OK] Page 67: C:\Users\amanj\Documents\DonationCoder\ScreenshotCaptor\Screenshots\Screenshot - 08-07-2020 , 22_37_45.png (97.6 %)
[OK] Page 68: C:\Users\amanj\Documents\DonationCoder\ScreenshotCaptor\Screenshots\Screenshot - 08-07-2020 , 22_40_17.png (97.4 %)
[OK] Page 69: C:\Users\amanj\Documents\DonationCoder\ScreenshotCaptor\Screenshots\Screenshot - 08-07-2020 , 22_40_34.png (94.2 %)
[OK] Page 70: C:\Users\amanj\Documents\DonationCoder\ScreenshotCaptor\Screenshots\Screenshot - 08-07-2020 , 22_40_49.png (94.3 %)
[OK] Page 71: C:\Users\amanj\Documents\DonationCoder\ScreenshotCaptor\Screenshots\Screenshot - 08-07-2020 , 22_40_56.png (94.1 %)
[OK] Page 72: C:\Users\amanj\Documents\DonationCoder\ScreenshotCaptor\Screenshots\Screenshot - 08-07-2020 , 22_41_01.png (95.0 %)
[OK] Page 73: C:\Users\amanj\Documents\DonationCoder\ScreenshotCaptor\Screenshots\Screenshot - 08-07-2020 , 22_41_07.png (98.3 %)
[OK] Page 74: C:\Users\amanj\Documents\DonationCoder\ScreenshotCaptor\Screenshots\Screenshot - 08-07-2020 , 22_41_16.png (93.6 %)
[OK] Page 75: C:\Users\amanj\Documents\DonationCoder\ScreenshotCaptor\Screenshots\Screenshot - 08-07-2020 , 22_41_33.png (93.7 %)
[OK] Page 76: C:\Users\amanj\Documents\DonationCoder\ScreenshotCaptor\Screenshots\Screenshot - 08-07-2020 , 22_41_37.png (93.2 %)
[OK] Page 77: C:\Users\amanj\Documents\DonationCoder\ScreenshotCaptor\Screenshots\Screenshot - 08-07-2020 , 22_41_42.png (93.3 %)
[OK] Page 78: C:\Users\amanj\Documents\DonationCoder\ScreenshotCaptor\Screenshots\Screenshot - 08-07-2020 , 22_41_49.png (97.3 %)
[OK] Page 79: C:\Users\amanj\Documents\DonationCoder\ScreenshotCaptor\Screenshots\Screenshot - 08-07-2020 , 22_42_17.png (100.0 %)
[OK] Page 80: C:\Users\amanj\Documents\DonationCoder\ScreenshotCaptor\Screenshots\Screenshot - 08-07-2020 , 22_44_15.png (98.3 %)
[OK] Page 81: C:\Users\amanj\Documents\DonationCoder\ScreenshotCaptor\Screenshots\Screenshot - 08-07-2020 , 22_44_37.png (97.8 %)
[OK] Page 82: C:\Users\amanj\Documents\DonationCoder\ScreenshotCaptor\Screenshots\Screenshot - 08-07-2020 , 22_45_00.png (99.8 %)
[OK] Page 83: C:\Users\amanj\Documents\DonationCoder\ScreenshotCaptor\Screenshots\Screenshot - 08-07-2020 , 22_45_05.png (94.7 %)
[OK] Page 84: C:\Users\amanj\Documents\DonationCoder\ScreenshotCaptor\Screenshots\Screenshot - 08-07-2020 , 22_45_26.png (94.6 %)
[OK] Page 85: C:\Users\amanj\Documents\DonationCoder\ScreenshotCaptor\Screenshots\Screenshot - 08-07-2020 , 22_48_34.png (94.6 %)
[OK] Page 86: C:\Users\amanj\Documents\DonationCoder\ScreenshotCaptor\Screenshots\Screenshot - 08-07-2020 , 22_49_14.png (94.8 %)
[OK] Page 87: C:\Users\amanj\Documents\DonationCoder\ScreenshotCaptor\Screenshots\Screenshot - 08-07-2020 , 22_49_32.png (94.2 %)
[OK] Page 88: C:\Users\amanj\Documents\DonationCoder\ScreenshotCaptor\Screenshots\Screenshot - 08-07-2020 , 22_49_40.png (94.2 %)
[OK] Page 89: C:\Users\amanj\Documents\DonationCoder\ScreenshotCaptor\Screenshots\Screenshot - 08-07-2020 , 22_49_49.png (94.3 %)
[OK] Page 90: C:\Users\amanj\Documents\DonationCoder\ScreenshotCaptor\Screenshots\Screenshot - 08-07-2020 , 22_49_59.png (94.8 %)
[OK] Page 91: C:\Users\amanj\Documents\DonationCoder\ScreenshotCaptor\Screenshots\Screenshot - 08-07-2020 , 22_50_24.png (99.0 %)
[OK] Page 92: C:\Users\amanj\Documents\DonationCoder\ScreenshotCaptor\Screenshots\Screenshot - 08-07-2020 , 22_50_33.png (95.7 %)
[OK] Page 93: C:\Users\amanj\Documents\DonationCoder\ScreenshotCaptor\Screenshots\Screenshot - 08-07-2020 , 22_51_51.png (99.6 %)
[OK] Page 94: C:\Users\amanj\Documents\DonationCoder\ScreenshotCaptor\Screenshots\Screenshot - 08-07-2020 , 22_51_59.png (94.0 %)
[OK] Page 95: C:\Users\amanj\Documents\DonationCoder\ScreenshotCaptor\Screenshots\Screenshot - 08-07-2020 , 22_52_06.png (93.3 %)
[OK] Page 96: C:\Users\amanj\Documents\DonationCoder\ScreenshotCaptor\Screenshots\Screenshot - 08-07-2020 , 22_52_27.png (94.2 %)
[OK] Page 97: C:\Users\amanj\Documents\DonationCoder\ScreenshotCaptor\Screenshots\Screenshot - 08-07-2020 , 22_53_00.png (93.8 %)
[OK] Page 98: C:\Users\amanj\Documents\DonationCoder\ScreenshotCaptor\Screenshots\Screenshot - 08-07-2020 , 22_53_14.png (94.0 %)
[OK] Page 99: C:\Users\amanj\Documents\DonationCoder\ScreenshotCaptor\Screenshots\Screenshot - 08-07-2020 , 23_11_44.png (99.3 %)
[OK] Page 100: C:\Users\amanj\Documents\DonationCoder\ScreenshotCaptor\Screenshots\Screenshot - 08-07-2020 , 23_11_59.png (93.7 %)
[OK] Page 101: C:\Users\amanj\Documents\DonationCoder\ScreenshotCaptor\Screenshots\Screenshot - 08-07-2020 , 23_12_03.png (94.8 %)
[OK] Page 102: C:\Users\amanj\Documents\DonationCoder\ScreenshotCaptor\Screenshots\Screenshot - 08-07-2020 , 23_12_23.png (94.8 %)
[OK] Page 103: C:\Users\amanj\Documents\DonationCoder\ScreenshotCaptor\Screenshots\Screenshot - 08-07-2020 , 23_12_32.png (94.8 %)
[OK] Page 104: C:\Users\amanj\Documents\DonationCoder\ScreenshotCaptor\Screenshots\Screenshot - 08-07-2020 , 23_12_41.png (93.9 %)
[OK] Page 105: C:\Users\amanj\Documents\DonationCoder\ScreenshotCaptor\Screenshots\Screenshot - 08-07-2020 , 23_12_49.png (93.9 %)
[OK] Page 106: C:\Users\amanj\Documents\DonationCoder\ScreenshotCaptor\Screenshots\Screenshot - 08-07-2020 , 23_13_07.png (96.4 %)
[OK] Page 107: C:\Users\amanj\Documents\DonationCoder\ScreenshotCaptor\Screenshots\Screenshot - 08-07-2020 , 23_15_19.png (99.5 %)
[OK] Page 108: C:\Users\amanj\Documents\DonationCoder\ScreenshotCaptor\Screenshots\Screenshot - 08-07-2020 , 23_15_36.png (95.1 %)
[OK] Page 109: C:\Users\amanj\Documents\DonationCoder\ScreenshotCaptor\Screenshots\Screenshot - 08-07-2020 , 23_15_51.png (95.2 %)
[OK] Page 110: C:\Users\amanj\Documents\DonationCoder\ScreenshotCaptor\Screenshots\Screenshot - 08-07-2020 , 23_16_18.png (94.7 %)
[OK] Page 111: C:\Users\amanj\Documents\DonationCoder\ScreenshotCaptor\Screenshots\Screenshot - 08-07-2020 , 23_17_06.png (95.4 %)
[OK] Page 112: C:\Users\amanj\Documents\DonationCoder\ScreenshotCaptor\Screenshots\Screenshot - 08-07-2020 , 23_17_13.png (96.3 %)
[OK] Page 113: C:\Users\amanj\Documents\DonationCoder\ScreenshotCaptor\Screenshots\Screenshot - 08-07-2020 , 23_17_38.png (96.9 %)
[OK] Page 114: C:\Users\amanj\Documents\DonationCoder\ScreenshotCaptor\Screenshots\Screenshot - 08-07-2020 , 23_18_05.png (96.1 %)
[OK] Page 115: C:\Users\amanj\Documents\DonationCoder\ScreenshotCaptor\Screenshots\Screenshot - 08-07-2020 , 23_18_16.png (95.3 %)
[OK] Page 116: C:\Users\amanj\Documents\DonationCoder\ScreenshotCaptor\Screenshots\Screenshot - 08-07-2020 , 23_18_39.png (95.9 %)
[OK] Page 117: C:\Users\amanj\Documents\DonationCoder\ScreenshotCaptor\Screenshots\Screenshot - 08-07-2020 , 23_19_03.png (95.8 %)
[OK] Page 118: C:\Users\amanj\Documents\DonationCoder\ScreenshotCaptor\Screenshots\Screenshot - 08-07-2020 , 23_19_12.png (95.9 %)
[OK] Page 119: C:\Users\amanj\Documents\DonationCoder\ScreenshotCaptor\Screenshots\Screenshot - 08-07-2020 , 23_19_22.png (95.8 %)
[OK] Page 120: C:\Users\amanj\Documents\DonationCoder\ScreenshotCaptor\Screenshots\Screenshot - 08-07-2020 , 23_19_25.png (95.7 %)
[OK] Page 121: C:\Users\amanj\Documents\DonationCoder\ScreenshotCaptor\Screenshots\Screenshot - 08-07-2020 , 23_19_39.png (95.7 %)
[OK] Page 122: C:\Users\amanj\Documents\DonationCoder\ScreenshotCaptor\Screenshots\Screenshot - 08-07-2020 , 23_19_51.png (95.8 %)
[OK] Page 123: C:\Users\amanj\Documents\DonationCoder\ScreenshotCaptor\Screenshots\Screenshot - 08-07-2020 , 23_20_12.png (98.3 %)
[OK] Page 124: C:\Users\amanj\Documents\DonationCoder\ScreenshotCaptor\Screenshots\Screenshot - 08-07-2020 , 23_20_27.png (102.3 %)

Start time        : 08-07-20 23:56:43
End time          : 08-07-20 23:56:52
Elapsed time      : 00:00:09

Output file       : C:\Users\amanj\Documents\GitHub\Natural-Language-Processing-Specialization\Natural Language Processing with Probabilistic Models\Week 2\Week2Slides.pdf (7,817,294 bytes)
Shrinked to       : 96.1 %
Speed             : 0.77 MB/sec

Files processed   : 124 (8,132,410 bytes)
Files skipped     : 0
Files missing     : 0

NO ERRORS
