i2pdf 1.0.46 (x86)

Image compression = PNG (lossless)
Resizing = 100 %
Paper format = Paperless
Startup mode = Fit page

[OK] Page 1: C:\Users\amanj\Documents\DonationCoder\ScreenshotCaptor\Screenshots\Screenshot - 08-07-2020 , 14_55_27.png (96.9 %)
[OK] Page 2: C:\Users\amanj\Documents\DonationCoder\ScreenshotCaptor\Screenshots\Screenshot - 08-07-2020 , 18_08_18.png (96.8 %)
[OK] Page 3: C:\Users\amanj\Documents\DonationCoder\ScreenshotCaptor\Screenshots\Screenshot - 08-07-2020 , 18_08_53.png (97.5 %)
[OK] Page 4: C:\Users\amanj\Documents\DonationCoder\ScreenshotCaptor\Screenshots\Screenshot - 08-07-2020 , 18_08_58.png (96.3 %)
[OK] Page 5: C:\Users\amanj\Documents\DonationCoder\ScreenshotCaptor\Screenshots\Screenshot - 08-07-2020 , 18_09_07.png (97.1 %)
[OK] Page 6: C:\Users\amanj\Documents\DonationCoder\ScreenshotCaptor\Screenshots\Screenshot - 08-07-2020 , 18_09_39.png (99.4 %)
[OK] Page 7: C:\Users\amanj\Documents\DonationCoder\ScreenshotCaptor\Screenshots\Screenshot - 08-07-2020 , 18_09_42.png (98.9 %)
[OK] Page 8: C:\Users\amanj\Documents\DonationCoder\ScreenshotCaptor\Screenshots\Screenshot - 08-07-2020 , 18_09_46.png (99.2 %)
[OK] Page 9: C:\Users\amanj\Documents\DonationCoder\ScreenshotCaptor\Screenshots\Screenshot - 08-07-2020 , 18_10_07.png (99.6 %)
[OK] Page 10: C:\Users\amanj\Documents\DonationCoder\ScreenshotCaptor\Screenshots\Screenshot - 08-07-2020 , 18_10_13.png (99.6 %)
[OK] Page 11: C:\Users\amanj\Documents\DonationCoder\ScreenshotCaptor\Screenshots\Screenshot - 08-07-2020 , 18_10_23.png (101.3 %)
[OK] Page 12: C:\Users\amanj\Documents\DonationCoder\ScreenshotCaptor\Screenshots\Screenshot - 08-07-2020 , 18_11_11.png (96.5 %)
[OK] Page 13: C:\Users\amanj\Documents\DonationCoder\ScreenshotCaptor\Screenshots\Screenshot - 08-07-2020 , 18_11_23.png (96.7 %)
[OK] Page 14: C:\Users\amanj\Documents\DonationCoder\ScreenshotCaptor\Screenshots\Screenshot - 08-07-2020 , 18_11_48.png (95.5 %)
[OK] Page 15: C:\Users\amanj\Documents\DonationCoder\ScreenshotCaptor\Screenshots\Screenshot - 08-07-2020 , 18_12_20.png (96.1 %)
[OK] Page 16: C:\Users\amanj\Documents\DonationCoder\ScreenshotCaptor\Screenshots\Screenshot - 08-07-2020 , 18_12_29.png (98.7 %)
[OK] Page 17: C:\Users\amanj\Documents\DonationCoder\ScreenshotCaptor\Screenshots\Screenshot - 08-07-2020 , 18_12_39.png (100.4 %)
[OK] Page 18: C:\Users\amanj\Documents\DonationCoder\ScreenshotCaptor\Screenshots\Screenshot - 08-07-2020 , 18_12_55.png (99.7 %)
[OK] Page 19: C:\Users\amanj\Documents\DonationCoder\ScreenshotCaptor\Screenshots\Screenshot - 08-07-2020 , 18_13_02.png (99.2 %)
[OK] Page 20: C:\Users\amanj\Documents\DonationCoder\ScreenshotCaptor\Screenshots\Screenshot - 08-07-2020 , 18_13_11.png (99.8 %)
[OK] Page 21: C:\Users\amanj\Documents\DonationCoder\ScreenshotCaptor\Screenshots\Screenshot - 08-07-2020 , 18_13_14.png (100.6 %)
[OK] Page 22: C:\Users\amanj\Documents\DonationCoder\ScreenshotCaptor\Screenshots\Screenshot - 08-07-2020 , 18_13_27.png (100.9 %)
[OK] Page 23: C:\Users\amanj\Documents\DonationCoder\ScreenshotCaptor\Screenshots\Screenshot - 08-07-2020 , 18_13_28.png (100.9 %)
[OK] Page 24: C:\Users\amanj\Documents\DonationCoder\ScreenshotCaptor\Screenshots\Screenshot - 08-07-2020 , 18_13_37.png (100.7 %)
[OK] Page 25: C:\Users\amanj\Documents\DonationCoder\ScreenshotCaptor\Screenshots\Screenshot - 08-07-2020 , 18_13_49.png (101.4 %)
[OK] Page 26: C:\Users\amanj\Documents\DonationCoder\ScreenshotCaptor\Screenshots\Screenshot - 08-07-2020 , 18_13_52.png (101.6 %)
[OK] Page 27: C:\Users\amanj\Documents\DonationCoder\ScreenshotCaptor\Screenshots\Screenshot - 08-07-2020 , 18_14_01.png (99.0 %)
[OK] Page 28: C:\Users\amanj\Documents\DonationCoder\ScreenshotCaptor\Screenshots\Screenshot - 08-07-2020 , 18_14_07.png (98.3 %)
[OK] Page 29: C:\Users\amanj\Documents\DonationCoder\ScreenshotCaptor\Screenshots\Screenshot - 08-07-2020 , 18_14_28.png (99.2 %)
[OK] Page 30: C:\Users\amanj\Documents\DonationCoder\ScreenshotCaptor\Screenshots\Screenshot - 08-07-2020 , 18_14_31.png (96.6 %)
[OK] Page 31: C:\Users\amanj\Documents\DonationCoder\ScreenshotCaptor\Screenshots\Screenshot - 08-07-2020 , 18_14_54.png (96.5 %)
[OK] Page 32: C:\Users\amanj\Documents\DonationCoder\ScreenshotCaptor\Screenshots\Screenshot - 08-07-2020 , 18_17_10.png (99.1 %)
[OK] Page 33: C:\Users\amanj\Documents\DonationCoder\ScreenshotCaptor\Screenshots\Screenshot - 08-07-2020 , 18_17_26.png (99.7 %)
[OK] Page 34: C:\Users\amanj\Documents\DonationCoder\ScreenshotCaptor\Screenshots\Screenshot - 08-07-2020 , 18_17_32.png (96.7 %)
[OK] Page 35: C:\Users\amanj\Documents\DonationCoder\ScreenshotCaptor\Screenshots\Screenshot - 08-07-2020 , 18_18_16.png (96.0 %)
[OK] Page 36: C:\Users\amanj\Documents\DonationCoder\ScreenshotCaptor\Screenshots\Screenshot - 08-07-2020 , 18_18_19.png (96.1 %)
[OK] Page 37: C:\Users\amanj\Documents\DonationCoder\ScreenshotCaptor\Screenshots\Screenshot - 08-07-2020 , 18_18_25.png (96.3 %)
[OK] Page 38: C:\Users\amanj\Documents\DonationCoder\ScreenshotCaptor\Screenshots\Screenshot - 08-07-2020 , 18_18_29.png (98.4 %)
[OK] Page 39: C:\Users\amanj\Documents\DonationCoder\ScreenshotCaptor\Screenshots\Screenshot - 08-07-2020 , 18_18_37.png (99.1 %)
[OK] Page 40: C:\Users\amanj\Documents\DonationCoder\ScreenshotCaptor\Screenshots\Screenshot - 08-07-2020 , 18_18_43.png (97.1 %)
[OK] Page 41: C:\Users\amanj\Documents\DonationCoder\ScreenshotCaptor\Screenshots\Screenshot - 08-07-2020 , 18_18_47.png (97.1 %)
[OK] Page 42: C:\Users\amanj\Documents\DonationCoder\ScreenshotCaptor\Screenshots\Screenshot - 08-07-2020 , 18_19_38.png (100.2 %)
[OK] Page 43: C:\Users\amanj\Documents\DonationCoder\ScreenshotCaptor\Screenshots\Screenshot - 08-07-2020 , 18_20_13.png (99.9 %)
[OK] Page 44: C:\Users\amanj\Documents\DonationCoder\ScreenshotCaptor\Screenshots\Screenshot - 08-07-2020 , 18_20_22.png (99.9 %)
[OK] Page 45: C:\Users\amanj\Documents\DonationCoder\ScreenshotCaptor\Screenshots\Screenshot - 08-07-2020 , 18_20_27.png (99.0 %)
[OK] Page 46: C:\Users\amanj\Documents\DonationCoder\ScreenshotCaptor\Screenshots\Screenshot - 08-07-2020 , 18_20_31.png (98.7 %)
[OK] Page 47: C:\Users\amanj\Documents\DonationCoder\ScreenshotCaptor\Screenshots\Screenshot - 08-07-2020 , 18_20_38.png (99.2 %)
[OK] Page 48: C:\Users\amanj\Documents\DonationCoder\ScreenshotCaptor\Screenshots\Screenshot - 08-07-2020 , 18_20_43.png (98.9 %)
[OK] Page 49: C:\Users\amanj\Documents\DonationCoder\ScreenshotCaptor\Screenshots\Screenshot - 08-07-2020 , 19_18_24.png (100.9 %)
[OK] Page 50: C:\Users\amanj\Documents\DonationCoder\ScreenshotCaptor\Screenshots\Screenshot - 08-07-2020 , 19_18_54.png (99.8 %)
[OK] Page 51: C:\Users\amanj\Documents\DonationCoder\ScreenshotCaptor\Screenshots\Screenshot - 08-07-2020 , 19_19_17.png (97.3 %)
[OK] Page 52: C:\Users\amanj\Documents\DonationCoder\ScreenshotCaptor\Screenshots\Screenshot - 08-07-2020 , 19_19_31.png (96.6 %)
[OK] Page 53: C:\Users\amanj\Documents\DonationCoder\ScreenshotCaptor\Screenshots\Screenshot - 08-07-2020 , 19_19_33.png (96.1 %)
[OK] Page 54: C:\Users\amanj\Documents\DonationCoder\ScreenshotCaptor\Screenshots\Screenshot - 08-07-2020 , 19_19_35.png (96.2 %)
[OK] Page 55: C:\Users\amanj\Documents\DonationCoder\ScreenshotCaptor\Screenshots\Screenshot - 08-07-2020 , 19_19_41.png (96.0 %)
[OK] Page 56: C:\Users\amanj\Documents\DonationCoder\ScreenshotCaptor\Screenshots\Screenshot - 08-07-2020 , 19_19_46.png (96.8 %)
[OK] Page 57: C:\Users\amanj\Documents\DonationCoder\ScreenshotCaptor\Screenshots\Screenshot - 08-07-2020 , 19_28_11.png (97.4 %)
[OK] Page 58: C:\Users\amanj\Documents\DonationCoder\ScreenshotCaptor\Screenshots\Screenshot - 08-07-2020 , 19_28_27.png (97.7 %)
[OK] Page 59: C:\Users\amanj\Documents\DonationCoder\ScreenshotCaptor\Screenshots\Screenshot - 08-07-2020 , 19_28_54.png (97.1 %)
[OK] Page 60: C:\Users\amanj\Documents\DonationCoder\ScreenshotCaptor\Screenshots\Screenshot - 08-07-2020 , 19_35_07.png (97.7 %)
[OK] Page 61: C:\Users\amanj\Documents\DonationCoder\ScreenshotCaptor\Screenshots\Screenshot - 08-07-2020 , 19_36_05.png (97.8 %)
[OK] Page 62: C:\Users\amanj\Documents\DonationCoder\ScreenshotCaptor\Screenshots\Screenshot - 08-07-2020 , 19_37_02.png (96.4 %)
[OK] Page 63: C:\Users\amanj\Documents\DonationCoder\ScreenshotCaptor\Screenshots\Screenshot - 08-07-2020 , 19_37_05.png (95.2 %)
[OK] Page 64: C:\Users\amanj\Documents\DonationCoder\ScreenshotCaptor\Screenshots\Screenshot - 08-07-2020 , 19_37_12.png (95.0 %)
[OK] Page 65: C:\Users\amanj\Documents\DonationCoder\ScreenshotCaptor\Screenshots\Screenshot - 08-07-2020 , 19_37_15.png (95.1 %)
[OK] Page 66: C:\Users\amanj\Documents\DonationCoder\ScreenshotCaptor\Screenshots\Screenshot - 08-07-2020 , 19_37_24.png (94.9 %)
[OK] Page 67: C:\Users\amanj\Documents\DonationCoder\ScreenshotCaptor\Screenshots\Screenshot - 08-07-2020 , 19_37_30.png (95.1 %)
[OK] Page 68: C:\Users\amanj\Documents\DonationCoder\ScreenshotCaptor\Screenshots\Screenshot - 08-07-2020 , 19_37_34.png (94.8 %)
[OK] Page 69: C:\Users\amanj\Documents\DonationCoder\ScreenshotCaptor\Screenshots\Screenshot - 08-07-2020 , 19_37_43.png (95.4 %)
[OK] Page 70: C:\Users\amanj\Documents\DonationCoder\ScreenshotCaptor\Screenshots\Screenshot - 08-07-2020 , 19_37_49.png (96.2 %)
[OK] Page 71: C:\Users\amanj\Documents\DonationCoder\ScreenshotCaptor\Screenshots\Screenshot - 08-07-2020 , 19_38_05.png (95.7 %)
[OK] Page 72: C:\Users\amanj\Documents\DonationCoder\ScreenshotCaptor\Screenshots\Screenshot - 08-07-2020 , 19_38_18.png (96.3 %)
[OK] Page 73: C:\Users\amanj\Documents\DonationCoder\ScreenshotCaptor\Screenshots\Screenshot - 08-07-2020 , 19_38_53.png (96.1 %)
[OK] Page 74: C:\Users\amanj\Documents\DonationCoder\ScreenshotCaptor\Screenshots\Screenshot - 08-07-2020 , 19_39_26.png (95.5 %)
[OK] Page 75: C:\Users\amanj\Documents\DonationCoder\ScreenshotCaptor\Screenshots\Screenshot - 08-07-2020 , 19_39_35.png (95.3 %)
[OK] Page 76: C:\Users\amanj\Documents\DonationCoder\ScreenshotCaptor\Screenshots\Screenshot - 08-07-2020 , 19_39_57.png (96.0 %)
[OK] Page 77: C:\Users\amanj\Documents\DonationCoder\ScreenshotCaptor\Screenshots\Screenshot - 08-07-2020 , 19_40_02.png (96.1 %)
[OK] Page 78: C:\Users\amanj\Documents\DonationCoder\ScreenshotCaptor\Screenshots\Screenshot - 08-07-2020 , 19_40_05.png (95.8 %)
[OK] Page 79: C:\Users\amanj\Documents\DonationCoder\ScreenshotCaptor\Screenshots\Screenshot - 08-07-2020 , 19_40_08.png (95.8 %)
[OK] Page 80: C:\Users\amanj\Documents\DonationCoder\ScreenshotCaptor\Screenshots\Screenshot - 08-07-2020 , 19_40_13.png (96.2 %)
[OK] Page 81: C:\Users\amanj\Documents\DonationCoder\ScreenshotCaptor\Screenshots\Screenshot - 08-07-2020 , 19_40_23.png (96.6 %)
[OK] Page 82: C:\Users\amanj\Documents\DonationCoder\ScreenshotCaptor\Screenshots\Screenshot - 08-07-2020 , 19_40_42.png (96.7 %)
[OK] Page 83: C:\Users\amanj\Documents\DonationCoder\ScreenshotCaptor\Screenshots\Screenshot - 08-07-2020 , 19_40_48.png (95.9 %)
[OK] Page 84: C:\Users\amanj\Documents\DonationCoder\ScreenshotCaptor\Screenshots\Screenshot - 08-07-2020 , 19_40_59.png (96.3 %)
[OK] Page 85: C:\Users\amanj\Documents\DonationCoder\ScreenshotCaptor\Screenshots\Screenshot - 08-07-2020 , 19_41_09.png (96.1 %)
[OK] Page 86: C:\Users\amanj\Documents\DonationCoder\ScreenshotCaptor\Screenshots\Screenshot - 08-07-2020 , 19_41_15.png (96.2 %)
[OK] Page 87: C:\Users\amanj\Documents\DonationCoder\ScreenshotCaptor\Screenshots\Screenshot - 08-07-2020 , 19_41_32.png (96.4 %)
[OK] Page 88: C:\Users\amanj\Documents\DonationCoder\ScreenshotCaptor\Screenshots\Screenshot - 08-07-2020 , 19_41_42.png (96.4 %)
[OK] Page 89: C:\Users\amanj\Documents\DonationCoder\ScreenshotCaptor\Screenshots\Screenshot - 08-07-2020 , 19_41_56.png (96.5 %)
[OK] Page 90: C:\Users\amanj\Documents\DonationCoder\ScreenshotCaptor\Screenshots\Screenshot - 08-07-2020 , 19_42_54.png (96.7 %)
[OK] Page 91: C:\Users\amanj\Documents\DonationCoder\ScreenshotCaptor\Screenshots\Screenshot - 08-07-2020 , 19_43_15.png (96.4 %)
[OK] Page 92: C:\Users\amanj\Documents\DonationCoder\ScreenshotCaptor\Screenshots\Screenshot - 08-07-2020 , 19_43_21.png (96.1 %)
[OK] Page 93: C:\Users\amanj\Documents\DonationCoder\ScreenshotCaptor\Screenshots\Screenshot - 08-07-2020 , 19_43_27.png (96.4 %)
[OK] Page 94: C:\Users\amanj\Documents\DonationCoder\ScreenshotCaptor\Screenshots\Screenshot - 08-07-2020 , 19_43_53.png (97.0 %)
[OK] Page 95: C:\Users\amanj\Documents\DonationCoder\ScreenshotCaptor\Screenshots\Screenshot - 08-07-2020 , 19_44_04.png (96.1 %)
[OK] Page 96: C:\Users\amanj\Documents\DonationCoder\ScreenshotCaptor\Screenshots\Screenshot - 08-07-2020 , 19_44_13.png (96.5 %)
[OK] Page 97: C:\Users\amanj\Documents\DonationCoder\ScreenshotCaptor\Screenshots\Screenshot - 08-07-2020 , 19_44_17.png (96.5 %)
[OK] Page 98: C:\Users\amanj\Documents\DonationCoder\ScreenshotCaptor\Screenshots\Screenshot - 08-07-2020 , 19_44_26.png (97.4 %)
[OK] Page 99: C:\Users\amanj\Documents\DonationCoder\ScreenshotCaptor\Screenshots\Screenshot - 08-07-2020 , 19_45_05.png (97.0 %)
[OK] Page 100: C:\Users\amanj\Documents\DonationCoder\ScreenshotCaptor\Screenshots\Screenshot - 08-07-2020 , 19_45_13.png (96.4 %)
[OK] Page 101: C:\Users\amanj\Documents\DonationCoder\ScreenshotCaptor\Screenshots\Screenshot - 08-07-2020 , 19_45_18.png (96.3 %)
[OK] Page 102: C:\Users\amanj\Documents\DonationCoder\ScreenshotCaptor\Screenshots\Screenshot - 08-07-2020 , 19_45_23.png (95.5 %)
[OK] Page 103: C:\Users\amanj\Documents\DonationCoder\ScreenshotCaptor\Screenshots\Screenshot - 08-07-2020 , 19_45_31.png (95.8 %)
[OK] Page 104: C:\Users\amanj\Documents\DonationCoder\ScreenshotCaptor\Screenshots\Screenshot - 08-07-2020 , 19_45_36.png (96.4 %)
[OK] Page 105: C:\Users\amanj\Documents\DonationCoder\ScreenshotCaptor\Screenshots\Screenshot - 08-07-2020 , 19_45_44.png (96.0 %)
[OK] Page 106: C:\Users\amanj\Documents\DonationCoder\ScreenshotCaptor\Screenshots\Screenshot - 08-07-2020 , 19_45_49.png (96.7 %)
[OK] Page 107: C:\Users\amanj\Documents\DonationCoder\ScreenshotCaptor\Screenshots\Screenshot - 08-07-2020 , 19_48_59.png (96.2 %)
[OK] Page 108: C:\Users\amanj\Documents\DonationCoder\ScreenshotCaptor\Screenshots\Screenshot - 08-07-2020 , 19_49_05.png (95.4 %)
[OK] Page 109: C:\Users\amanj\Documents\DonationCoder\ScreenshotCaptor\Screenshots\Screenshot - 08-07-2020 , 19_49_13.png (95.5 %)
[OK] Page 110: C:\Users\amanj\Documents\DonationCoder\ScreenshotCaptor\Screenshots\Screenshot - 08-07-2020 , 19_49_43.png (95.6 %)
[OK] Page 111: C:\Users\amanj\Documents\DonationCoder\ScreenshotCaptor\Screenshots\Screenshot - 08-07-2020 , 19_50_07.png (95.6 %)
[OK] Page 112: C:\Users\amanj\Documents\DonationCoder\ScreenshotCaptor\Screenshots\Screenshot - 08-07-2020 , 19_50_39.png (96.2 %)
[OK] Page 113: C:\Users\amanj\Documents\DonationCoder\ScreenshotCaptor\Screenshots\Screenshot - 08-07-2020 , 19_51_34.png (96.9 %)

Start time        : 08-07-20 20:20:34
End time          : 08-07-20 20:20:43
Elapsed time      : 00:00:09

Output file       : C:\Users\amanj\Documents\GitHub\Natural-Language-Processing-Specialization\Natural Language Processing with Probabilistic Models\Week 1\Week1Slides.pdf (7,478,730 bytes)
Shrinked to       : 97.9 %
Speed             : 0.72 MB/sec

Files processed   : 113 (7,637,025 bytes)
Files skipped     : 0
Files missing     : 0

NO ERRORS
